<?xml version="1.0" encoding="UTF-8"?>
<testng-results ignored="0" total="1" passed="1" failed="0" skipped="0">
  <reporter-output>
  </reporter-output>
  <suite started-at="2022-04-03T14:02:18 IST" name="Default suite" finished-at="2022-04-03T14:02:29 IST" duration-ms="10684">
    <groups>
    </groups>
    <test started-at="2022-04-03T14:02:18 IST" name="Default test" finished-at="2022-04-03T14:02:29 IST" duration-ms="10684">
      <class name="GenericFunctions.InvokeBrowser">
        <test-method signature="launch()[pri:0, instance:GenericFunctions.InvokeBrowser@6dc17b83]" started-at="2022-04-03T14:02:18 IST" name="launch" finished-at="2022-04-03T14:02:29 IST" duration-ms="10651" status="PASS">
          <reporter-output>
          </reporter-output>
        </test-method> <!-- launch -->
      </class> <!-- GenericFunctions.InvokeBrowser -->
    </test> <!-- Default test -->
  </suite> <!-- Default suite -->
</testng-results>
